<?xml version="1.0" encoding="UTF-8"?>
<testsuite xmlns:xsi="http://www.w3.org/2001/XMLSchema-instance" xsi:noNamespaceSchemaLocation="https://maven.apache.org/surefire/maven-surefire-plugin/xsd/surefire-test-report-3.0.xsd" version="3.0" name="me.jndildap.bukkit.bookexploit.WildcardMatcherTest" time="0.149" tests="31" errors="0" skipped="0" failures="0">
  <properties>
[...]
</properties>
  <testcase name="matchIncorrectWildcardStrings(String)[1]" classname="me.jndildap.bukkit.bookexploit.WildcardMatcherTest" time="0.034"/>
  <testcase name="matchIncorrectWildcardStrings(String)[2]" classname="me.jndildap.bukkit.bookexploit.WildcardMatcherTest" time="0.001"/>
  <testcase name="matchIncorrectWildcardStrings(String)[3]" classname="me.jndildap.bukkit.bookexploit.WildcardMatcherTest" time="0.002"/>
  <testcase name="matchIncorrectWildcardStrings(String)[4]" classname="me.jndildap.bukkit.bookexploit.WildcardMatcherTest" time="0.001"/>
  <testcase name="matchIncorrectWildcardStrings(String)[5]" classname="me.jndildap.bukkit.bookexploit.WildcardMatcherTest" time="0.001"/>
  <testcase name="matchIncorrectWildcardStrings(String)[6]" classname="me.jndildap.bukkit.bookexploit.WildcardMatcherTest" time="0.001"/>
  <testcase name="matchIncorrectWildcardStrings(String)[7]" classname="me.jndildap.bukkit.bookexploit.WildcardMatcherTest" time="0.001"/>
  <testcase name="matchIncorrectWildcardStrings(String)[8]" classname="me.jndildap.bukkit.bookexploit.WildcardMatcherTest" time="0.002"/>
  <testcase name="matchIncorrectRegularStrings(String)[1]" classname="me.jndildap.bukkit.bookexploit.WildcardMatcherTest" time="0.001"/>
  <testcase name="matchIncorrectRegularStrings(String)[2]" classname="me.jndildap.bukkit.bookexploit.WildcardMatcherTest" time="0.001"/>
  <testcase name="matchIncorrectRegularStrings(String)[3]" classname="me.jndildap.bukkit.bookexploit.WildcardMatcherTest" time="0.001"/>
  <testcase name="matchIncorrectRegularStrings(String)[4]" classname="me.jndildap.bukkit.bookexploit.WildcardMatcherTest" time="0.001"/>
  <testcase name="matchIncorrectRegularStrings(String)[5]" classname="me.jndildap.bukkit.bookexploit.WildcardMatcherTest" time="0.001"/>
  <testcase name="matchIncorrectRegularStrings(String)[6]" classname="me.jndildap.bukkit.bookexploit.WildcardMatcherTest" time="0.001"/>
  <testcase name="matchIncorrectRegularStrings(String)[7]" classname="me.jndildap.bukkit.bookexploit.WildcardMatcherTest" time="0.001"/>
  <testcase name="matchCorrectRegularStrings(String)[1]" classname="me.jndildap.bukkit.bookexploit.WildcardMatcherTest" time="0.003"/>
  <testcase name="matchCorrectRegularStrings(String)[2]" classname="me.jndildap.bukkit.bookexploit.WildcardMatcherTest" time="0.001"/>
  <testcase name="matchCorrectRegularStrings(String)[3]" classname="me.jndildap.bukkit.bookexploit.WildcardMatcherTest" time="0.002"/>
  <testcase name="matchCorrectRegularStrings(String)[4]" classname="me.jndildap.bukkit.bookexploit.WildcardMatcherTest" time="0.001"/>
  <testcase name="matchCorrectRegularStrings(String)[5]" classname="me.jndildap.bukkit.bookexploit.WildcardMatcherTest" time="0.001"/>
  <testcase name="matchCorrectRegularStrings(String)[6]" classname="me.jndildap.bukkit.bookexploit.WildcardMatcherTest" time="0.0"/>
  <testcase name="matchCorrectRegularStrings(String)[7]" classname="me.jndildap.bukkit.bookexploit.WildcardMatcherTest" time="0.001"/>
  <testcase name="matchCorrectWildcardStrings(String)[1]" classname="me.jndildap.bukkit.bookexploit.WildcardMatcherTest" time="0.001"/>
  <testcase name="matchCorrectWildcardStrings(String)[2]" classname="me.jndildap.bukkit.bookexploit.WildcardMatcherTest" time="0.0"/>
  <testcase name="matchCorrectWildcardStrings(String)[3]" classname="me.jndildap.bukkit.bookexploit.WildcardMatcherTest" time="0.001"/>
  <testcase name="matchCorrectWildcardStrings(String)[4]" classname="me.jndildap.bukkit.bookexploit.WildcardMatcherTest" time="0.001"/>
  <testcase name="matchCorrectWildcardStrings(String)[5]" classname="me.jndildap.bukkit.bookexploit.WildcardMatcherTest" time="0.001"/>
  <testcase name="matchCorrectWildcardStrings(String)[6]" classname="me.jndildap.bukkit.bookexploit.WildcardMatcherTest" time="0.001"/>
  <testcase name="matchCorrectWildcardStrings(String)[7]" classname="me.jndildap.bukkit.bookexploit.WildcardMatcherTest" time="0.002"/>
  <testcase name="matchCorrectWildcardStrings(String)[8]" classname="me.jndildap.bukkit.bookexploit.WildcardMatcherTest" time="0.001"/>
  <testcase name="matchCorrectWildcardStrings(String)[9]" classname="me.jndildap.bukkit.bookexploit.WildcardMatcherTest" time="0.0"/>
</testsuite>